<?xml version="1.0" encoding="UTF-8"?>
<Site BuildName="Linux-c++"
	BuildStamp="20250902-1919-Experimental"
	Name="MignonII"
	Generator="ctest-3.22.1"
	CompilerName="/usr/bin/c++"
	CompilerVersion="11.4.0"
	OSName="Linux"
	Hostname="MignonII"
	OSRelease="6.6.87.2-microsoft-standard-WSL2"
	OSVersion="#1 SMP PREEMPT_DYNAMIC Thu Jun  5 18:30:46 UTC 2025"
	OSPlatform="x86_64"
	Is64Bits="1"
	VendorString="AuthenticAMD"
	VendorID="Advanced Micro Devices"
	FamilyID="25"
	ModelID="33"
	ProcessorCacheSize="512"
	NumberOfLogicalCPU="12"
	NumberOfPhysicalCPU="6"
	TotalVirtualMemory="2048"
	TotalPhysicalMemory="7901"
	LogicalProcessorsPerPhysical="2"
	ProcessorClockFrequency="3493.47"
	>
	<Testing>
		<StartDateTime>Sep 02 22:51 CEST</StartDateTime>
		<StartTestTime>1756846319</StartTestTime>
		<TestList/>
		<EndDateTime>Sep 02 22:51 CEST</EndDateTime>
		<EndTestTime>1756846319</EndTestTime>
		<ElapsedMinutes>0</ElapsedMinutes>
	</Testing>
</Site>
